<?xml version="1.0" encoding="UTF-8"?>
<!-- Generated by org.testng.reporters.JUnitReportReporter -->
<testsuite hostname="DESKTOP-1ODSTUU" failures="0" tests="5" name="AllCover.NoteMaster" time="39.013" errors="0" timestamp="2025-04-02T23:41:51 IST" skipped="0">
  <testcase classname="AllCover.NoteMaster" name="signUp" time="1.322"/>
  <testcase classname="AllCover.NoteMaster" name="logIn" time="8.200"/>
  <testcase classname="AllCover.NoteMaster" name="WriteNotes" time="20.821"/>
  <testcase classname="AllCover.NoteMaster" name="profile" time="6.453"/>
  <testcase classname="AllCover.NoteMaster" name="Logout" time="2.217"/>
</testsuite> <!-- AllCover.NoteMaster -->
